SCAN_FAILED: docker.elastic.co/eck/eck-operator:latest - No SARIF output generated
SCAN_FAILED: docker.elastic.co/eck/eck-operator:latest - Scan function returned error
SCAN_FAILED: docker.io/alpine:3.20 - No SARIF output generated
SCAN_FAILED: docker.io/alpine:3.20 - Scan function returned error
SCAN_FAILED: docker.io/apache/solr-operator:v0.9.1 - No SARIF output generated
SCAN_FAILED: docker.io/apache/solr-operator:v0.9.1 - Scan function returned error
SCAN_FAILED: docker.io/apache/solr-operator:v0.9.1@sha256:4db34508137f185d3cad03c7cf7c2b5d6533fb590822effcde9125cff5a90aa2 - No SARIF output generated
SCAN_FAILED: docker.io/apache/solr-operator:v0.9.1@sha256:4db34508137f185d3cad03c7cf7c2b5d6533fb590822effcde9125cff5a90aa2 - Scan function returned error
SCAN_FAILED: docker.io/bitnami/bitnami-shell:11-debian-11-r58 - Failed to pull image
SCAN_FAILED: docker.io/bitnami/bitnami-shell:11-debian-11-r58 - Scan function returned error
SCAN_FAILED: docker.io/bitnami/bitnami-shell:11-debian-11-r76 - Failed to pull image
SCAN_FAILED: docker.io/bitnami/bitnami-shell:11-debian-11-r76 - Scan function returned error
SCAN_FAILED: docker.io/bitnami/bitnami-shell:11-debian-11-r78 - Failed to pull image
SCAN_FAILED: docker.io/bitnami/bitnami-shell:11-debian-11-r78 - Scan function returned error
SCAN_FAILED: docker.io/bitnami/bitnami-shell:11-debian-11-r86 - Failed to pull image
SCAN_FAILED: docker.io/bitnami/bitnami-shell:11-debian-11-r86 - Scan function returned error
SCAN_FAILED: docker.io/bitnami/elasticsearch-exporter:1.5.0-debian-11-r70 - No SARIF output generated
SCAN_FAILED: docker.io/bitnami/elasticsearch-exporter:1.5.0-debian-11-r70 - Scan function returned error
SCAN_FAILED: docker.io/bitnami/elasticsearch:8.6.2-debian-11-r0 - No SARIF output generated
SCAN_FAILED: docker.io/bitnami/elasticsearch:8.6.2-debian-11-r0 - Scan function returned error
SCAN_FAILED: docker.io/bitnami/keycloak-config-cli:6.1.6-debian-12-r6 - No SARIF output generated
SCAN_FAILED: docker.io/bitnami/keycloak-config-cli:6.1.6-debian-12-r6 - Scan function returned error
SCAN_FAILED: docker.io/bitnami/keycloak:26.0.7-debian-12-r0 - No SARIF output generated
SCAN_FAILED: docker.io/bitnami/keycloak:26.0.7-debian-12-r0 - Scan function returned error
SCAN_FAILED: docker.io/bitnami/kibana:8.6.1-debian-11-r0 - No SARIF output generated
SCAN_FAILED: docker.io/bitnami/kibana:8.6.1-debian-11-r0 - Scan function returned error
SCAN_FAILED: docker.io/bitnami/os-shell:12-debian-12-r33 - No SARIF output generated
SCAN_FAILED: docker.io/bitnami/os-shell:12-debian-12-r33 - Scan function returned error
SCAN_FAILED: docker.io/bitnami/os-shell:12-debian-12-r40 - No SARIF output generated
SCAN_FAILED: docker.io/bitnami/os-shell:12-debian-12-r40 - Scan function returned error
SCAN_FAILED: docker.io/bitnami/os-shell:12-debian-12-r42 - No SARIF output generated
SCAN_FAILED: docker.io/bitnami/os-shell:12-debian-12-r42 - Scan function returned error
SCAN_FAILED: docker.io/bitnami/postgres-exporter:0.16.0-debian-12-r1 - No SARIF output generated
SCAN_FAILED: docker.io/bitnami/postgres-exporter:0.16.0-debian-12-r1 - Scan function returned error
SCAN_FAILED: docker.io/bitnami/postgresql:17.2.0-debian-12-r2 - No SARIF output generated
SCAN_FAILED: docker.io/bitnami/postgresql:17.2.0-debian-12-r2 - Scan function returned error
SCAN_FAILED: docker.io/bitnami/rabbitmq:3.11.8-debian-11-r0 - No SARIF output generated
SCAN_FAILED: docker.io/bitnami/rabbitmq:3.11.8-debian-11-r0 - Scan function returned error
SCAN_FAILED: docker.io/bitnami/redis-exporter:1.45.0-debian-11-r11 - No SARIF output generated
SCAN_FAILED: docker.io/bitnami/redis-exporter:1.45.0-debian-11-r11 - Scan function returned error
SCAN_FAILED: docker.io/bitnami/redis-sentinel:7.0.5-debian-11-r24 - No SARIF output generated
SCAN_FAILED: docker.io/bitnami/redis-sentinel:7.0.5-debian-11-r24 - Scan function returned error
SCAN_FAILED: docker.io/bitnami/redis:7.0.5-debian-11-r25 - No SARIF output generated
SCAN_FAILED: docker.io/bitnami/redis:7.0.5-debian-11-r25 - Scan function returned error
SCAN_FAILED: docker.io/bitnami/solr:9.8.1-debian-12-r5 - No SARIF output generated
SCAN_FAILED: docker.io/bitnami/solr:9.8.1-debian-12-r5 - Scan function returned error
SCAN_FAILED: docker.io/bitnami/zookeeper:3.9.3-debian-12-r10 - No SARIF output generated
SCAN_FAILED: docker.io/bitnami/zookeeper:3.9.3-debian-12-r10 - Scan function returned error
SCAN_FAILED: docker.io/clamav/clamav:latest - No SARIF output generated
SCAN_FAILED: docker.io/clamav/clamav:latest - Scan function returned error
SCAN_FAILED: docker.io/curlimages/curl:8.13.0@sha256:d43bdb28bae0be0998f3be83199bfb2b81e0a30b034b6d7586ce7e05de34c3fd - No SARIF output generated
SCAN_FAILED: docker.io/curlimages/curl:8.13.0@sha256:d43bdb28bae0be0998f3be83199bfb2b81e0a30b034b6d7586ce7e05de34c3fd - Scan function returned error
SCAN_FAILED: docker.io/keycloak-config-cli:latest - Failed to pull image
SCAN_FAILED: docker.io/keycloak-config-cli:latest - Scan function returned error
SCAN_FAILED: docker.io/keycloak:25.0.6 - Failed to pull image
SCAN_FAILED: docker.io/keycloak:25.0.6 - Scan function returned error
SCAN_FAILED: docker.io/lachlanevenson/k8s-kubectl:v1.23.2 - No SARIF output generated
SCAN_FAILED: docker.io/lachlanevenson/k8s-kubectl:v1.23.2 - Scan function returned error
SCAN_FAILED: docker.io/lachlanevenson/k8s-kubectl:v1.25.4@sha256:af5cea3f2e40138df90660c0c073d8b1506fb76c8602a9f48aceb5f4fb052ddc - No SARIF output generated
SCAN_FAILED: docker.io/lachlanevenson/k8s-kubectl:v1.25.4@sha256:af5cea3f2e40138df90660c0c073d8b1506fb76c8602a9f48aceb5f4fb052ddc - Scan function returned error
SCAN_FAILED: docker.io/library/solr:9.8.1@sha256:16983468366aaf62417bb6a2a4b703b486b199b8461192df131455071c263916 - No SARIF output generated
SCAN_FAILED: docker.io/library/solr:9.8.1@sha256:16983468366aaf62417bb6a2a4b703b486b199b8461192df131455071c263916 - Scan function returned error
SCAN_FAILED: docker.io/maykinmedia/objects-api:latest - No SARIF output generated
SCAN_FAILED: docker.io/maykinmedia/objects-api:latest - Scan function returned error
SCAN_FAILED: docker.io/maykinmedia/objecttypes-api:latest - No SARIF output generated
SCAN_FAILED: docker.io/maykinmedia/objecttypes-api:latest - Scan function returned error
SCAN_FAILED: docker.io/maykinmedia/open-archiefbeheer:latest - No SARIF output generated
SCAN_FAILED: docker.io/maykinmedia/open-archiefbeheer:latest - Scan function returned error
SCAN_FAILED: docker.io/maykinmedia/open-inwoner:latest - No SARIF output generated
SCAN_FAILED: docker.io/maykinmedia/open-inwoner:latest - Scan function returned error
SCAN_FAILED: docker.io/maykinmedia/open-klant:latest - No SARIF output generated
SCAN_FAILED: docker.io/maykinmedia/open-klant:latest - Scan function returned error
SCAN_FAILED: docker.io/nginx:1.27.4 - No SARIF output generated
SCAN_FAILED: docker.io/nginx:1.27.4 - Scan function returned error
SCAN_FAILED: docker.io/nginxinc/nginx-unprivileged:1.28.0@sha256:3e5f030818c3782a35b6f621458a21f3e526a35267b2b4505d225684d5eac7c4 - No SARIF output generated
SCAN_FAILED: docker.io/nginxinc/nginx-unprivileged:1.28.0@sha256:3e5f030818c3782a35b6f621458a21f3e526a35267b2b4505d225684d5eac7c4 - Scan function returned error
SCAN_FAILED: docker.io/nginxinc/nginx-unprivileged:stable - No SARIF output generated
SCAN_FAILED: docker.io/nginxinc/nginx-unprivileged:stable - Scan function returned error
SCAN_FAILED: docker.io/openformulieren/open-forms:latest - No SARIF output generated
SCAN_FAILED: docker.io/openformulieren/open-forms:latest - Scan function returned error
SCAN_FAILED: docker.io/openpolicyagent/opa:1.3.0-static@sha256:44f0f4b1c09260eaf5e24fc3931fe10f80cffd13054ef3ef62cef775d5cbd272 - No SARIF output generated
SCAN_FAILED: docker.io/openpolicyagent/opa:1.3.0-static@sha256:44f0f4b1c09260eaf5e24fc3931fe10f80cffd13054ef3ef62cef775d5cbd272 - Scan function returned error
SCAN_FAILED: docker.io/openzaak/open-notificaties:latest - No SARIF output generated
SCAN_FAILED: docker.io/openzaak/open-notificaties:latest - Scan function returned error
SCAN_FAILED: docker.io/openzaak/open-zaak:latest - No SARIF output generated
SCAN_FAILED: docker.io/openzaak/open-zaak:latest - Scan function returned error
SCAN_FAILED: docker.io/otel/opentelemetry-collector-contrib:0.123.0@sha256:e39311df1f3d941923c00da79ac7ba6269124a870ee87e3c3ad24d60f8aee4d2 - No SARIF output generated
SCAN_FAILED: docker.io/otel/opentelemetry-collector-contrib:0.123.0@sha256:e39311df1f3d941923c00da79ac7ba6269124a870ee87e3c3ad24d60f8aee4d2 - Scan function returned error
SCAN_FAILED: docker.io/pravega/zookeeper-operator:0.2.15 - No SARIF output generated
SCAN_FAILED: docker.io/pravega/zookeeper-operator:0.2.15 - Scan function returned error
SCAN_FAILED: docker.io/pravega/zookeeper-operator:0.2.15@sha256:b2bc4042fdd8fea6613b04f2f602ba4aff1201e79ba35cd0e2df9f3327111b0e - No SARIF output generated
SCAN_FAILED: docker.io/pravega/zookeeper-operator:0.2.15@sha256:b2bc4042fdd8fea6613b04f2f602ba4aff1201e79ba35cd0e2df9f3327111b0e - Scan function returned error
SCAN_FAILED: docker.io/pravega/zookeeper:0.2.15@sha256:c498ebfb76a66f038075e2fa6148528d74d31ca1664f3257fdf82ee779eec9c8 - No SARIF output generated
SCAN_FAILED: docker.io/pravega/zookeeper:0.2.15@sha256:c498ebfb76a66f038075e2fa6148528d74d31ca1664f3257fdf82ee779eec9c8 - Scan function returned error
SCAN_FAILED: ghcr.io/brp-api/personen-mock:2.6.0-202502261446 - No SARIF output generated
SCAN_FAILED: ghcr.io/brp-api/personen-mock:2.6.0-202502261446 - Scan function returned error
SCAN_FAILED: ghcr.io/eugenmayer/kontextwork-converter:1.8.0@sha256:48da70902307f27ad92a27ddf5875310464fd4d4a2f53ce53e1a6f9b3b4c3355 - No SARIF output generated
SCAN_FAILED: ghcr.io/eugenmayer/kontextwork-converter:1.8.0@sha256:48da70902307f27ad92a27ddf5875310464fd4d4a2f53ce53e1a6f9b3b4c3355 - Scan function returned error
SCAN_FAILED: ghcr.io/icatt-menselijk-digitaal/podiumd-adapter:v0.6.x-20250225135230-fc9468b - No SARIF output generated
SCAN_FAILED: ghcr.io/icatt-menselijk-digitaal/podiumd-adapter:v0.6.x-20250225135230-fc9468b - Scan function returned error
SCAN_FAILED: ghcr.io/infonl/zaakafhandelcomponent:3.5.0 - Failed to pull image
SCAN_FAILED: ghcr.io/infonl/zaakafhandelcomponent:3.5.0 - Scan function returned error
SCAN_FAILED: ghcr.io/infonl/zaakafhandelcomponent:latest - No SARIF output generated
SCAN_FAILED: ghcr.io/infonl/zaakafhandelcomponent:latest - Scan function returned error
SCAN_FAILED: ghcr.io/klantinteractie-servicesysteem/kiss-elastic-sync:latest - No SARIF output generated
SCAN_FAILED: ghcr.io/klantinteractie-servicesysteem/kiss-elastic-sync:latest - Scan function returned error
SCAN_FAILED: ghcr.io/klantinteractie-servicesysteem/kiss-frontend:release-1.0.x-20250418091744-8936963 - No SARIF output generated
SCAN_FAILED: ghcr.io/klantinteractie-servicesysteem/kiss-frontend:release-1.0.x-20250418091744-8936963 - Scan function returned error
SCAN_FAILED: docker.elastic.co/eck/eck-operator:latest - No SARIF output generated
SCAN_FAILED: docker.elastic.co/eck/eck-operator:latest - Scan function returned error
SCAN_FAILED: docker.elastic.co/eck/eck-operator:latest - No SARIF output generated
SCAN_FAILED: docker.elastic.co/eck/eck-operator:latest - Scan function returned error
SCAN_FAILED: docker.elastic.co/eck/eck-operator:latest - No SARIF output generated
SCAN_FAILED: docker.elastic.co/eck/eck-operator:latest - Scan function returned error
SCAN_FAILED: docker.elastic.co/eck/eck-operator:latest - No SARIF output generated
SCAN_FAILED: docker.elastic.co/eck/eck-operator:latest - Scan function returned error
SCAN_FAILED: docker.elastic.co/eck/eck-operator:latest - No SARIF output generated
SCAN_FAILED: docker.elastic.co/eck/eck-operator:latest - Scan function returned error
SCAN_FAILED: docker.elastic.co/eck/eck-operator:latest - No SARIF output generated
SCAN_FAILED: docker.elastic.co/eck/eck-operator:latest - Scan function returned error
SCAN_FAILED: docker.elastic.co/eck/eck-operator:latest - No SARIF output generated
SCAN_FAILED: docker.elastic.co/eck/eck-operator:latest - Scan function returned error
SCAN_FAILED: docker.elastic.co/eck/eck-operator:latest - No SARIF output generated
SCAN_FAILED: docker.elastic.co/eck/eck-operator:latest - Scan function returned error
SCAN_FAILED: docker.elastic.co/eck/eck-operator:latest - No SARIF output generated
SCAN_FAILED: docker.elastic.co/eck/eck-operator:latest - Scan function returned error
SCAN_FAILED: docker.elastic.co/eck/eck-operator:latest - No SARIF output generated
SCAN_FAILED: docker.elastic.co/eck/eck-operator:latest - Scan function returned error
SCAN_FAILED: docker.elastic.co/eck/eck-operator:latest - No SARIF output generated
SCAN_FAILED: docker.elastic.co/eck/eck-operator:latest - Scan function returned error
